build/outputs/logs/manifest-merger-debug-report.txt
-- Merging decision tree log ---
manifest
ADDED from SKC\AndroidManifest.xml:2:1-105:12
	package
		ADDED from SKC\AndroidManifest.xml:3:5-39
		INJECTED from SKC\AndroidManifest.xml
		INJECTED from SKC\AndroidManifest.xml
	android:sharedUserLabel
		ADDED from SKC\AndroidManifest.xml:4:5-48
	android:versionName
		ADDED from SKC\AndroidManifest.xml:6:5-32
		INJECTED from SKC\AndroidManifest.xml
		INJECTED from SKC\AndroidManifest.xml
	android:versionCode
		ADDED from SKC\AndroidManifest.xml:5:5-37
		INJECTED from SKC\AndroidManifest.xml
		INJECTED from SKC\AndroidManifest.xml
	xmlns:android
		ADDED from SKC\AndroidManifest.xml:2:11-69
uses-sdk
ADDED from SKC\AndroidManifest.xml:8:5-10:41
MERGED from [com.android.support:multidex:1.0.1] AndroidManifest.xml:18:5-42
	android:targetSdkVersion
		ADDED from SKC\AndroidManifest.xml:10:9-38
		INJECTED from SKC\AndroidManifest.xml
		INJECTED from SKC\AndroidManifest.xml
	android:minSdkVersion
		ADDED from SKC\AndroidManifest.xml:9:9-35
		INJECTED from SKC\AndroidManifest.xml
		INJECTED from SKC\AndroidManifest.xml
supports-screens
ADDED from SKC\AndroidManifest.xml:12:5-16:40
	android:largeScreens
		ADDED from SKC\AndroidManifest.xml:13:9-36
	android:smallScreens
		ADDED from SKC\AndroidManifest.xml:15:9-36
	android:normalScreens
		ADDED from SKC\AndroidManifest.xml:14:9-37
	android:xlargeScreens
		ADDED from SKC\AndroidManifest.xml:16:9-37
uses-permission#android.permission.MOUNT_UNMOUNT_FILESYSTEMS
ADDED from SKC\AndroidManifest.xml:18:5-84
	android:name
		ADDED from SKC\AndroidManifest.xml:18:22-81
uses-permission#android.permission.INTERNET
ADDED from SKC\AndroidManifest.xml:19:5-67
	android:name
		ADDED from SKC\AndroidManifest.xml:19:22-64
uses-permission#android.permission.VIBRATE
ADDED from SKC\AndroidManifest.xml:20:5-66
	android:name
		ADDED from SKC\AndroidManifest.xml:20:22-63
uses-permission#android.permission.WAKE_LOCK
ADDED from SKC\AndroidManifest.xml:21:5-68
	android:name
		ADDED from SKC\AndroidManifest.xml:21:22-65
uses-permission#android.permission.ACCESS_WIFI_STATE
ADDED from SKC\AndroidManifest.xml:22:5-76
	android:name
		ADDED from SKC\AndroidManifest.xml:22:22-73
uses-permission#android.permission.CHANGE_WIFI_STATE
ADDED from SKC\AndroidManifest.xml:23:5-76
	android:name
		ADDED from SKC\AndroidManifest.xml:23:22-73
uses-permission#android.permission.WRITE_EXTERNAL_STORAGE
ADDED from SKC\AndroidManifest.xml:25:5-81
	android:name
		ADDED from SKC\AndroidManifest.xml:25:22-78
uses-permission#android.permission.WRITE_SETTINGS
ADDED from SKC\AndroidManifest.xml:26:5-73
	android:name
		ADDED from SKC\AndroidManifest.xml:26:22-70
uses-permission#com.android.launcher.permission.READ_SETTINGS
ADDED from SKC\AndroidManifest.xml:27:5-85
	android:name
		ADDED from SKC\AndroidManifest.xml:27:22-82
uses-permission#android.permission.GET_TASKS
ADDED from SKC\AndroidManifest.xml:28:5-68
	android:name
		ADDED from SKC\AndroidManifest.xml:28:22-65
uses-feature#android.hardware.camera.autofocus
ADDED from SKC\AndroidManifest.xml:31:5-70
	android:name
		ADDED from SKC\AndroidManifest.xml:31:19-67
uses-permission#android.permission.RECORD_AUDIO
ADDED from SKC\AndroidManifest.xml:33:5-71
	android:name
		ADDED from SKC\AndroidManifest.xml:33:22-68
uses-permission#android.permission.BROADCAST_STICKY
ADDED from SKC\AndroidManifest.xml:34:5-75
	android:name
		ADDED from SKC\AndroidManifest.xml:34:22-72
uses-permission#android.permission.MODIFY_AUDIO_SETTINGS
ADDED from SKC\AndroidManifest.xml:35:5-80
	android:name
		ADDED from SKC\AndroidManifest.xml:35:22-77
uses-permission#android.permission.ACCESS_NETWORK_STATE
ADDED from SKC\AndroidManifest.xml:36:5-79
	android:name
		ADDED from SKC\AndroidManifest.xml:36:22-76
uses-permission#android.permission.RECEIVE_BOOT_COMPLETED
ADDED from SKC\AndroidManifest.xml:37:5-81
	android:name
		ADDED from SKC\AndroidManifest.xml:37:22-78
uses-permission#android.permission.READ_PHONE_STATE
ADDED from SKC\AndroidManifest.xml:39:5-75
	android:name
		ADDED from SKC\AndroidManifest.xml:39:22-72
uses-permission#android.permission.READ_EXTERNAL_STORAGE
ADDED from SKC\AndroidManifest.xml:40:5-80
	android:name
		ADDED from SKC\AndroidManifest.xml:40:22-77
application
ADDED from SKC\AndroidManifest.xml:42:5-103:19
	android:screenOrientation
		ADDED from SKC\AndroidManifest.xml:50:9-46
	android:label
		ADDED from SKC\AndroidManifest.xml:46:9-41
	android:allowBackup
		ADDED from SKC\AndroidManifest.xml:44:9-35
	android:icon
		ADDED from SKC\AndroidManifest.xml:45:9-43
	android:largeHeap
		ADDED from SKC\AndroidManifest.xml:47:9-33
	android:persistent
		ADDED from SKC\AndroidManifest.xml:49:9-34
	android:theme
		ADDED from SKC\AndroidManifest.xml:51:9-44
	android:logo
		ADDED from SKC\AndroidManifest.xml:48:9-43
	android:name
		ADDED from SKC\AndroidManifest.xml:43:9-43
activity#com.sation.knxcontroller.activity.SplashActivity
ADDED from SKC\AndroidManifest.xml:52:9-61:20
	android:label
		ADDED from SKC\AndroidManifest.xml:55:13-45
	android:configChanges
		ADDED from SKC\AndroidManifest.xml:54:13-51
	android:theme
		ADDED from SKC\AndroidManifest.xml:56:13-77
	android:name
		ADDED from SKC\AndroidManifest.xml:53:13-52
intent-filter#android.intent.action.MAIN+android.intent.category.LAUNCHER
ADDED from SKC\AndroidManifest.xml:57:13-60:29
action#android.intent.action.MAIN
ADDED from SKC\AndroidManifest.xml:58:17-69
	android:name
		ADDED from SKC\AndroidManifest.xml:58:25-66
category#android.intent.category.LAUNCHER
ADDED from SKC\AndroidManifest.xml:59:17-77
	android:name
		ADDED from SKC\AndroidManifest.xml:59:27-74
activity#com.sation.knxcontroller.activity.RoomTilesListActivity
ADDED from SKC\AndroidManifest.xml:62:9-65:74
	android:configChanges
		ADDED from SKC\AndroidManifest.xml:64:13-51
	android:theme
		ADDED from SKC\AndroidManifest.xml:65:13-71
	android:name
		ADDED from SKC\AndroidManifest.xml:63:13-59
activity#com.sation.knxcontroller.activity.RoomDetailsActivity
ADDED from SKC\AndroidManifest.xml:66:9-69:74
	android:configChanges
		ADDED from SKC\AndroidManifest.xml:68:13-51
	android:theme
		ADDED from SKC\AndroidManifest.xml:69:13-71
	android:name
		ADDED from SKC\AndroidManifest.xml:67:13-57
activity#com.sation.knxcontroller.activity.TimingTaskActivity
ADDED from SKC\AndroidManifest.xml:70:9-73:74
	android:configChanges
		ADDED from SKC\AndroidManifest.xml:72:13-51
	android:theme
		ADDED from SKC\AndroidManifest.xml:73:13-71
	android:name
		ADDED from SKC\AndroidManifest.xml:71:13-56
service#com.sation.knxcontroller.services.RestartService
ADDED from SKC\AndroidManifest.xml:75:9-88
	android:description
		ADDED from SKC\AndroidManifest.xml:75:58-85
	android:name
		ADDED from SKC\AndroidManifest.xml:75:18-57
service#com.sation.knxcontroller.services.TimingService
ADDED from SKC\AndroidManifest.xml:76:9-59
	android:name
		ADDED from SKC\AndroidManifest.xml:76:18-56
service#com.sation.knxcontroller.third.webcamer.finder.CamerService
ADDED from SKC\AndroidManifest.xml:77:9-71
	android:name
		ADDED from SKC\AndroidManifest.xml:77:18-68
receiver#com.sation.knxcontroller.broadcastreceiver.BootBroadcastReceiver
ADDED from SKC\AndroidManifest.xml:79:9-88:20
	android:enabled
		ADDED from SKC\AndroidManifest.xml:81:13-35
	android:permission
		ADDED from SKC\AndroidManifest.xml:82:13-75
	android:name
		ADDED from SKC\AndroidManifest.xml:80:13-68
intent-filter#android.intent.action.BOOT_COMPLETED+android.intent.category.DEFAULT
ADDED from SKC\AndroidManifest.xml:83:13-87:29
action#android.intent.action.BOOT_COMPLETED
ADDED from SKC\AndroidManifest.xml:84:17-79
	android:name
		ADDED from SKC\AndroidManifest.xml:84:25-76
category#android.intent.category.DEFAULT
ADDED from SKC\AndroidManifest.xml:86:17-76
	android:name
		ADDED from SKC\AndroidManifest.xml:86:27-73
receiver#com.sation.knxcontroller.broadcastreceiver.NetworkStateMonitor
ADDED from SKC\AndroidManifest.xml:89:9-93:20
	android:name
		ADDED from SKC\AndroidManifest.xml:89:19-72
intent-filter#android.net.conn.CONNECTIVITY_CHANGE
ADDED from SKC\AndroidManifest.xml:90:13-92:29
action#android.net.conn.CONNECTIVITY_CHANGE
ADDED from SKC\AndroidManifest.xml:91:17-79
	android:name
		ADDED from SKC\AndroidManifest.xml:91:25-76
receiver#com.sation.knxcontroller.broadcastreceiver.AlarmMonitor
ADDED from SKC\AndroidManifest.xml:94:9-100:20
	android:exported
		ADDED from SKC\AndroidManifest.xml:96:13-37
	android:name
		ADDED from SKC\AndroidManifest.xml:95:13-59
intent-filter#com.sation.knxcontroller.broadcastreceiver.AlarmMonitor
ADDED from SKC\AndroidManifest.xml:97:13-99:29
action#com.sation.knxcontroller.broadcastreceiver.AlarmMonitor
ADDED from SKC\AndroidManifest.xml:98:17-98
	android:name
		ADDED from SKC\AndroidManifest.xml:98:25-95
activity#com.sation.knxcontroller.activity.SettingsActivity
ADDED from SKC\AndroidManifest.xml:102:9-72
	android:name
		ADDED from SKC\AndroidManifest.xml:102:19-60